<?xml version="1.0" encoding="UTF-8"?>
<!-- Generated by org.testng.reporters.JUnitReportReporter -->
<testsuite name="TestNGAppHomePage" tests="2" time="29.170" ignored="0" failures="0" timestamp="08 十二月 2016 13:48:24 GMT" skipped="0" hostname="DESKTOP-576K38S" errors="0">
  <testcase name="openHome" time="14.955" classname="TestNGAppHomePage"/>
  <testcase name="openHome" time="14.215" classname="TestNGAppHomePage"/>
</testsuite> <!-- TestNGAppHomePage -->
